<?xml version="1.0" encoding="UTF-8"?>
<!-- Generated by org.testng.reporters.JUnitXMLReporter -->
<testsuite ignored="2" hostname="LAPTOP-G3EK34HT" failures="2" tests="2" name="Regression Test" time="0.027" errors="0" timestamp="2026-03-17T14:39:41 ICT">
  <testcase classname="tests.LoginDataDrivenTest" name="testLoginBoundary" time="0.0">
    <failure type="java.lang.RuntimeException" message="java.lang.Error: Unresolved compilation problem: 
	ExcelReader cannot be resolved
">
      <![CDATA[java.lang.RuntimeException: java.lang.Error: Unresolved compilation problem: 
ExcelReader cannot be resolved

at java.base/java.util.ArrayList.forEach(ArrayList.java:1511)
Caused by: java.lang.Error: Unresolved compilation problem: 
ExcelReader cannot be resolved

at tests.LoginDataProvider.boundaryData(LoginDataProvider.java:22)
... 25 more
... Removed 32 stack frames]]>
    </failure>
  </testcase> <!-- testLoginBoundary -->
  <testcase classname="tests.LoginDataDrivenTest" name="testLoginNegative" time="0.0">
    <failure type="java.lang.RuntimeException" message="java.lang.Error: Unresolved compilation problem: 
	ExcelReader cannot be resolved
">
      <![CDATA[java.lang.RuntimeException: java.lang.Error: Unresolved compilation problem: 
ExcelReader cannot be resolved

at java.base/java.util.ArrayList.forEach(ArrayList.java:1511)
Caused by: java.lang.Error: Unresolved compilation problem: 
ExcelReader cannot be resolved

at tests.LoginDataProvider.negativeData(LoginDataProvider.java:17)
... 25 more
... Removed 32 stack frames]]>
    </failure>
  </testcase> <!-- testLoginNegative -->
  <testcase classname="tests.LoginDataDrivenTest" name="testDebug" time="0.0">
    <ignored/>
  </testcase> <!-- testDebug -->
  <testcase classname="tests.LoginDataDrivenTest" name="testLogin" time="0.0">
    <ignored/>
  </testcase> <!-- testLogin -->
</testsuite> <!-- Regression Test -->
