<?xml version="1.0" encoding="UTF-8"?>
<!-- Generated by org.testng.reporters.JUnitXMLReporter -->
<testsuite ignored="3" hostname="LAPTOP-G3EK34HT" failures="1" tests="1" name="Smoke Test" time="0.065" errors="0" timestamp="2026-03-17T14:39:41 ICT">
  <testcase classname="tests.LoginDataDrivenTest" name="testLogin" time="0.0">
    <failure type="org.testng.TestNGException" message="
Method public void tests.LoginDataDrivenTest.testLogin(java.lang.String,java.lang.String,java.lang.String,java.lang.String) requires a @DataProvider named : smokeData">
      <![CDATA[org.testng.TestNGException: 
Method public void tests.LoginDataDrivenTest.testLogin(java.lang.String,java.lang.String,java.lang.String,java.lang.String) requires a @DataProvider named : smokeData
at java.base/java.util.ArrayList.forEach(ArrayList.java:1511)
... Removed 24 stack frames]]>
    </failure>
  </testcase> <!-- testLogin -->
  <testcase classname="tests.LoginDataDrivenTest" name="testLoginBoundary" time="0.0">
    <ignored/>
  </testcase> <!-- testLoginBoundary -->
  <testcase classname="tests.LoginDataDrivenTest" name="testLoginNegative" time="0.0">
    <ignored/>
  </testcase> <!-- testLoginNegative -->
  <testcase classname="tests.LoginDataDrivenTest" name="testDebug" time="0.0">
    <ignored/>
  </testcase> <!-- testDebug -->
</testsuite> <!-- Smoke Test -->
