<?xml version="1.0" encoding="UTF-8"?>
<!-- Generated by org.testng.reporters.JUnitReportReporter -->
<testsuite hostname="LAPTOP-G3EK34HT" failures="0" tests="4" name="tests.LoginTest" time="15.268" errors="0" timestamp="2026-03-17T13:47:32 ICT" skipped="0">
  <testcase classname="tests.LoginTest" name="loginWithEmptyUsername" time="2.798"/>
  <testcase classname="tests.LoginTest" name="loginSuccess" time="4.600"/>
  <testcase classname="tests.LoginTest" name="loginFail" time="4.533"/>
  <testcase classname="tests.LoginTest" name="loginWithEmptyPassword" time="3.337"/>
</testsuite> <!-- tests.LoginTest -->
