<?xml version="1.0" encoding="UTF-8"?>
<!-- Generated by org.testng.reporters.JUnitReportReporter -->
<testsuite hostname="LAPTOP-G3EK34HT" failures="0" tests="4" name="tests.CartTest" time="15.388" errors="0" timestamp="2026-03-17T13:46:34 ICT" skipped="0">
  <testcase classname="tests.CartTest" name="cartInitiallyEmpty" time="3.729"/>
  <testcase classname="tests.CartTest" name="addItemByName" time="4.290"/>
  <testcase classname="tests.CartTest" name="addItemToCart" time="3.485"/>
  <testcase classname="tests.CartTest" name="removeItem" time="3.884"/>
</testsuite> <!-- tests.CartTest -->
